c:\users\eco\desktop\ai\aiproject\defender\defender\debug\defender.pch
c:\users\eco\desktop\ai\aiproject\defender\defender\debug\vc140.pdb
c:\users\eco\desktop\ai\aiproject\defender\defender\debug\vc140.idb
c:\users\eco\desktop\ai\aiproject\defender\defender\debug\stdafx.obj
c:\users\eco\desktop\ai\aiproject\defender\defender\debug\ai.obj
c:\users\eco\desktop\ai\aiproject\defender\defender\debug\aimanager.obj
c:\users\eco\desktop\ai\aiproject\defender\defender\debug\animatedsprite.obj
c:\users\eco\desktop\ai\aiproject\defender\defender\debug\animation.obj
c:\users\eco\desktop\ai\aiproject\defender\defender\debug\button.obj
c:\users\eco\desktop\ai\aiproject\defender\defender\debug\defender.obj
c:\users\eco\desktop\ai\aiproject\defender\defender\debug\gamedata.obj
c:\users\eco\desktop\ai\aiproject\defender\defender\debug\gamemanager.obj
c:\users\eco\desktop\ai\aiproject\defender\defender\debug\level.obj
c:\users\eco\desktop\ai\aiproject\defender\defender\debug\levelmanager.obj
c:\users\eco\desktop\ai\aiproject\defender\defender\debug\menu.obj
c:\users\eco\desktop\ai\aiproject\defender\defender\debug\player.obj
c:\users\eco\desktop\ai\aiproject\defender\debug\defender.ilk
c:\users\eco\desktop\ai\aiproject\defender\debug\defender.exe
c:\users\eco\desktop\ai\aiproject\defender\debug\defender.pdb
c:\users\eco\desktop\ai\aiproject\defender\defender\debug\defender.tlog\cl.command.1.tlog
c:\users\eco\desktop\ai\aiproject\defender\defender\debug\defender.tlog\cl.read.1.tlog
c:\users\eco\desktop\ai\aiproject\defender\defender\debug\defender.tlog\cl.write.1.tlog
c:\users\eco\desktop\ai\aiproject\defender\defender\debug\defender.tlog\link.command.1.tlog
c:\users\eco\desktop\ai\aiproject\defender\defender\debug\defender.tlog\link.read.1.tlog
c:\users\eco\desktop\ai\aiproject\defender\defender\debug\defender.tlog\link.write.1.tlog
